<?xml version="1.0" encoding="UTF-8"?>
<testng-results ignored="0" total="3" passed="3" failed="0" skipped="0">
  <reporter-output>
  </reporter-output>
  <suite started-at="2021-12-30T17:07:29 IST" name="Default suite" finished-at="2021-12-30T17:07:34 IST" duration-ms="4970">
    <groups>
    </groups>
    <test started-at="2021-12-30T17:07:29 IST" name="Default test" finished-at="2021-12-30T17:07:34 IST" duration-ms="4970">
      <class name="maven.DemoTest">
        <test-method signature="demo1Test()[pri:0, instance:maven.DemoTest@a3d8174]" started-at="2021-12-30T17:07:29 IST" name="demo1Test" finished-at="2021-12-30T17:07:34 IST" duration-ms="4885" status="PASS">
          <reporter-output>
          </reporter-output>
        </test-method> <!-- demo1Test -->
        <test-method signature="demo2Test()[pri:0, instance:maven.DemoTest@a3d8174]" started-at="2021-12-30T17:07:34 IST" name="demo2Test" finished-at="2021-12-30T17:07:34 IST" duration-ms="3" status="PASS">
          <reporter-output>
          </reporter-output>
        </test-method> <!-- demo2Test -->
        <test-method signature="demo3Test()[pri:0, instance:maven.DemoTest@a3d8174]" started-at="2021-12-30T17:07:34 IST" name="demo3Test" finished-at="2021-12-30T17:07:34 IST" duration-ms="4" status="PASS">
          <reporter-output>
          </reporter-output>
        </test-method> <!-- demo3Test -->
      </class> <!-- maven.DemoTest -->
    </test> <!-- Default test -->
  </suite> <!-- Default suite -->
</testng-results>
