<?xml version="1.0" encoding="UTF-8"?>
<!-- Generated by org.testng.reporters.JUnitXMLReporter -->
<testsuite ignored="0" hostname="Bharath-Vepanjeri" failures="0" tests="3" name="Default test" time="4.97" errors="0" timestamp="2021-12-30T17:07:34 IST">
  <testcase classname="maven.DemoTest" name="demo1Test" time="4.885"/>
  <testcase classname="maven.DemoTest" name="demo2Test" time="0.003"/>
  <testcase classname="maven.DemoTest" name="demo3Test" time="0.004"/>
</testsuite> <!-- Default test -->
